  Application.cpp
C:\Users\kdm10\source\repos\UranEngine\UranEngine_SOURCE\Application.cpp(71,23): warning C4838: 'UINT'에서 'LONG'(으)로의 변환에는 축소 변환이 필요합니다.
C:\Users\kdm10\source\repos\UranEngine\UranEngine_SOURCE\Application.cpp(71,31): warning C4838: 'UINT'에서 'LONG'(으)로의 변환에는 축소 변환이 필요합니다.
  EnemyTest.cpp
C:\Users\kdm10\source\repos\UranEngine\UranEngine_SOURCE\EnemyTest.cpp(8,12): warning C4244: '=': 'int'에서 'float'(으)로 변환하면서 데이터가 손실될 수 있습니다.
C:\Users\kdm10\source\repos\UranEngine\UranEngine_SOURCE\EnemyTest.cpp(9,13): warning C4244: '=': 'int'에서 'float'(으)로 변환하면서 데이터가 손실될 수 있습니다.
C:\Users\kdm10\source\repos\UranEngine\UranEngine_SOURCE\EnemyTest.cpp(47,46): warning C4244: '인수': 'float'에서 'int'(으)로 변환하면서 데이터가 손실될 수 있습니다.
C:\Users\kdm10\source\repos\UranEngine\UranEngine_SOURCE\EnemyTest.cpp(47,32): warning C4244: '인수': 'float'에서 'int'(으)로 변환하면서 데이터가 손실될 수 있습니다.
C:\Users\kdm10\source\repos\UranEngine\UranEngine_SOURCE\EnemyTest.cpp(47,21): warning C4244: '인수': 'float'에서 'int'(으)로 변환하면서 데이터가 손실될 수 있습니다.
C:\Users\kdm10\source\repos\UranEngine\UranEngine_SOURCE\EnemyTest.cpp(47,17): warning C4244: '인수': 'float'에서 'int'(으)로 변환하면서 데이터가 손실될 수 있습니다.
  GameObject.cpp
C:\Users\kdm10\source\repos\UranEngine\UranEngine_SOURCE\GameObject.cpp(16,21): warning C4244: '초기화 중': 'float'에서 'int'(으)로 변환하면서 데이터가 손실될 수 있습니다.
C:\Users\kdm10\source\repos\UranEngine\UranEngine_SOURCE\GameObject.cpp(54,41): warning C4244: '인수': 'float'에서 'int'(으)로 변환하면서 데이터가 손실될 수 있습니다.
C:\Users\kdm10\source\repos\UranEngine\UranEngine_SOURCE\GameObject.cpp(54,31): warning C4244: '인수': 'float'에서 'int'(으)로 변환하면서 데이터가 손실될 수 있습니다.
C:\Users\kdm10\source\repos\UranEngine\UranEngine_SOURCE\GameObject.cpp(54,23): warning C4244: '인수': 'float'에서 'int'(으)로 변환하면서 데이터가 손실될 수 있습니다.
C:\Users\kdm10\source\repos\UranEngine\UranEngine_SOURCE\GameObject.cpp(54,19): warning C4244: '인수': 'float'에서 'int'(으)로 변환하면서 데이터가 손실될 수 있습니다.
  urEntity.cpp
  urInput.cpp
  urScene.cpp
  urSceneManager.cpp
  urTime.cpp
  urPlayScene.cpp
  코드를 생성하고 있습니다...
  UranEngine_Window.vcxproj -> C:\Users\kdm10\source\repos\UranEngine\Debug\UranEngine_Window.lib
