  GameObject.cpp
C:\Users\kdm10\source\repos\Uranium10\UranEngine\UranEngine_SOURCE\urMath.h(34,49): warning C4244: '=': 'const LONG'에서 'float'(으)로 변환하면서 데이터가 손실될 수 있습니다.
C:\Users\kdm10\source\repos\Uranium10\UranEngine\UranEngine_SOURCE\urMath.h(34,62): warning C4244: '=': 'const LONG'에서 'float'(으)로 변환하면서 데이터가 손실될 수 있습니다.
  C:\Program Files (x86)\Windows Kits\10\Include\10.0.22621.0\um\dinput.h: DIRECTINPUT_VERSION undefined. Defaulting to version 0x0800
C:\Users\kdm10\source\repos\Uranium10\UranEngine\UranEngine_SOURCE\commonInclude.h(22,36): warning C4081: 'newline'이(가) 있어야 하는데 ';'이(가) 있습니다.
C:\Users\kdm10\source\repos\Uranium10\UranEngine\UranEngine_SOURCE\commonInclude.h(23,34): warning C4081: 'newline'이(가) 있어야 하는데 ';'이(가) 있습니다.
C:\Users\kdm10\source\repos\Uranium10\UranEngine\UranEngine_SOURCE\commonInclude.h(27,36): warning C4081: 'newline'이(가) 있어야 하는데 ';'이(가) 있습니다.
C:\Users\kdm10\source\repos\Uranium10\UranEngine\UranEngine_SOURCE\urSpriteRenderer.h(18,32): warning C4244: '=': 'UINT'에서 'float'(으)로 변환하면서 데이터가 손실될 수 있습니다.
C:\Users\kdm10\source\repos\Uranium10\UranEngine\UranEngine_SOURCE\urSpriteRenderer.h(19,33): warning C4244: '=': 'UINT'에서 'float'(으)로 변환하면서 데이터가 손실될 수 있습니다.
  urAnimation.cpp
C:\Users\kdm10\source\repos\Uranium10\UranEngine\UranEngine_SOURCE\urMath.h(34,49): warning C4244: '=': 'const LONG'에서 'float'(으)로 변환하면서 데이터가 손실될 수 있습니다.
C:\Users\kdm10\source\repos\Uranium10\UranEngine\UranEngine_SOURCE\urMath.h(34,62): warning C4244: '=': 'const LONG'에서 'float'(으)로 변환하면서 데이터가 손실될 수 있습니다.
  C:\Program Files (x86)\Windows Kits\10\Include\10.0.22621.0\um\dinput.h: DIRECTINPUT_VERSION undefined. Defaulting to version 0x0800
C:\Users\kdm10\source\repos\Uranium10\UranEngine\UranEngine_SOURCE\commonInclude.h(22,36): warning C4081: 'newline'이(가) 있어야 하는데 ';'이(가) 있습니다.
C:\Users\kdm10\source\repos\Uranium10\UranEngine\UranEngine_SOURCE\commonInclude.h(23,34): warning C4081: 'newline'이(가) 있어야 하는데 ';'이(가) 있습니다.
C:\Users\kdm10\source\repos\Uranium10\UranEngine\UranEngine_SOURCE\commonInclude.h(27,36): warning C4081: 'newline'이(가) 있어야 하는데 ';'이(가) 있습니다.
C:\Users\kdm10\source\repos\Uranium10\UranEngine\UranEngine_SOURCE\urAnimation.cpp(74,33): warning C4244: '인수': 'float'에서 'int'(으)로 변환하면서 데이터가 손실될 수 있습니다.
C:\Users\kdm10\source\repos\Uranium10\UranEngine\UranEngine_SOURCE\urAnimation.cpp(74,18): warning C4244: '인수': 'float'에서 'int'(으)로 변환하면서 데이터가 손실될 수 있습니다.
C:\Users\kdm10\source\repos\Uranium10\UranEngine\UranEngine_SOURCE\urAnimation.cpp(73,39): warning C4244: '인수': 'float'에서 'int'(으)로 변환하면서 데이터가 손실될 수 있습니다.
C:\Users\kdm10\source\repos\Uranium10\UranEngine\UranEngine_SOURCE\urAnimation.cpp(73,21): warning C4244: '인수': 'float'에서 'int'(으)로 변환하면서 데이터가 손실될 수 있습니다.
C:\Users\kdm10\source\repos\Uranium10\UranEngine\UranEngine_SOURCE\urAnimation.cpp(71,21): warning C4244: '인수': 'float'에서 'int'(으)로 변환하면서 데이터가 손실될 수 있습니다.
C:\Users\kdm10\source\repos\Uranium10\UranEngine\UranEngine_SOURCE\urAnimation.cpp(70,21): warning C4244: '인수': 'float'에서 'int'(으)로 변환하면서 데이터가 손실될 수 있습니다.
C:\Users\kdm10\source\repos\Uranium10\UranEngine\UranEngine_SOURCE\urAnimation.cpp(68,20): warning C4244: '인수': 'float'에서 'int'(으)로 변환하면서 데이터가 손실될 수 있습니다.
C:\Users\kdm10\source\repos\Uranium10\UranEngine\UranEngine_SOURCE\urAnimation.cpp(67,20): warning C4244: '인수': 'float'에서 'int'(으)로 변환하면서 데이터가 손실될 수 있습니다.
C:\Users\kdm10\source\repos\Uranium10\UranEngine\UranEngine_SOURCE\urAnimation.cpp(99,18): warning C4244: '인수': 'float'에서 'INT'(으)로 변환하면서 데이터가 손실될 수 있습니다.
C:\Users\kdm10\source\repos\Uranium10\UranEngine\UranEngine_SOURCE\urAnimation.cpp(98,18): warning C4244: '인수': 'float'에서 'INT'(으)로 변환하면서 데이터가 손실될 수 있습니다.
C:\Users\kdm10\source\repos\Uranium10\UranEngine\UranEngine_SOURCE\urAnimation.cpp(97,21): warning C4244: '인수': 'float'에서 'INT'(으)로 변환하면서 데이터가 손실될 수 있습니다.
C:\Users\kdm10\source\repos\Uranium10\UranEngine\UranEngine_SOURCE\urAnimation.cpp(96,21): warning C4244: '인수': 'float'에서 'INT'(으)로 변환하면서 데이터가 손실될 수 있습니다.
C:\Users\kdm10\source\repos\Uranium10\UranEngine\UranEngine_SOURCE\urAnimation.cpp(94,22): warning C4244: '인수': 'float'에서 'INT'(으)로 변환하면서 데이터가 손실될 수 있습니다.
C:\Users\kdm10\source\repos\Uranium10\UranEngine\UranEngine_SOURCE\urAnimation.cpp(93,22): warning C4244: '인수': 'float'에서 'INT'(으)로 변환하면서 데이터가 손실될 수 있습니다.
C:\Users\kdm10\source\repos\Uranium10\UranEngine\UranEngine_SOURCE\urAnimation.cpp(92,21): warning C4244: '인수': 'float'에서 'INT'(으)로 변환하면서 데이터가 손실될 수 있습니다.
C:\Users\kdm10\source\repos\Uranium10\UranEngine\UranEngine_SOURCE\urAnimation.cpp(91,19): warning C4244: '인수': 'float'에서 'INT'(으)로 변환하면서 데이터가 손실될 수 있습니다.
  urApplication.cpp
C:\Users\kdm10\source\repos\Uranium10\UranEngine\UranEngine_SOURCE\urMath.h(34,49): warning C4244: '=': 'const LONG'에서 'float'(으)로 변환하면서 데이터가 손실될 수 있습니다.
C:\Users\kdm10\source\repos\Uranium10\UranEngine\UranEngine_SOURCE\urMath.h(34,62): warning C4244: '=': 'const LONG'에서 'float'(으)로 변환하면서 데이터가 손실될 수 있습니다.
  C:\Program Files (x86)\Windows Kits\10\Include\10.0.22621.0\um\dinput.h: DIRECTINPUT_VERSION undefined. Defaulting to version 0x0800
C:\Users\kdm10\source\repos\Uranium10\UranEngine\UranEngine_SOURCE\commonInclude.h(22,36): warning C4081: 'newline'이(가) 있어야 하는데 ';'이(가) 있습니다.
C:\Users\kdm10\source\repos\Uranium10\UranEngine\UranEngine_SOURCE\commonInclude.h(23,34): warning C4081: 'newline'이(가) 있어야 하는데 ';'이(가) 있습니다.
C:\Users\kdm10\source\repos\Uranium10\UranEngine\UranEngine_SOURCE\commonInclude.h(27,36): warning C4081: 'newline'이(가) 있어야 하는데 ';'이(가) 있습니다.
C:\Users\kdm10\source\repos\Uranium10\UranEngine\UranEngine_SOURCE\urApplication.cpp(72,23): warning C4838: 'UINT'에서 'LONG'(으)로의 변환에는 축소 변환이 필요합니다.
C:\Users\kdm10\source\repos\Uranium10\UranEngine\UranEngine_SOURCE\urApplication.cpp(72,31): warning C4838: 'UINT'에서 'LONG'(으)로의 변환에는 축소 변환이 필요합니다.
  urBackground.cpp
C:\Users\kdm10\source\repos\Uranium10\UranEngine\UranEngine_SOURCE\urMath.h(34,49): warning C4244: '=': 'const LONG'에서 'float'(으)로 변환하면서 데이터가 손실될 수 있습니다.
C:\Users\kdm10\source\repos\Uranium10\UranEngine\UranEngine_SOURCE\urMath.h(34,62): warning C4244: '=': 'const LONG'에서 'float'(으)로 변환하면서 데이터가 손실될 수 있습니다.
  C:\Program Files (x86)\Windows Kits\10\Include\10.0.22621.0\um\dinput.h: DIRECTINPUT_VERSION undefined. Defaulting to version 0x0800
C:\Users\kdm10\source\repos\Uranium10\UranEngine\UranEngine_SOURCE\commonInclude.h(22,36): warning C4081: 'newline'이(가) 있어야 하는데 ';'이(가) 있습니다.
C:\Users\kdm10\source\repos\Uranium10\UranEngine\UranEngine_SOURCE\commonInclude.h(23,34): warning C4081: 'newline'이(가) 있어야 하는데 ';'이(가) 있습니다.
C:\Users\kdm10\source\repos\Uranium10\UranEngine\UranEngine_SOURCE\commonInclude.h(27,36): warning C4081: 'newline'이(가) 있어야 하는데 ';'이(가) 있습니다.
C:\Users\kdm10\source\repos\Uranium10\UranEngine\UranEngine_SOURCE\urSpriteRenderer.h(18,32): warning C4244: '=': 'UINT'에서 'float'(으)로 변환하면서 데이터가 손실될 수 있습니다.
C:\Users\kdm10\source\repos\Uranium10\UranEngine\UranEngine_SOURCE\urSpriteRenderer.h(19,33): warning C4244: '=': 'UINT'에서 'float'(으)로 변환하면서 데이터가 손실될 수 있습니다.
  urCamera.cpp
C:\Users\kdm10\source\repos\Uranium10\UranEngine\UranEngine_SOURCE\urMath.h(34,49): warning C4244: '=': 'const LONG'에서 'float'(으)로 변환하면서 데이터가 손실될 수 있습니다.
C:\Users\kdm10\source\repos\Uranium10\UranEngine\UranEngine_SOURCE\urMath.h(34,62): warning C4244: '=': 'const LONG'에서 'float'(으)로 변환하면서 데이터가 손실될 수 있습니다.
  C:\Program Files (x86)\Windows Kits\10\Include\10.0.22621.0\um\dinput.h: DIRECTINPUT_VERSION undefined. Defaulting to version 0x0800
C:\Users\kdm10\source\repos\Uranium10\UranEngine\UranEngine_SOURCE\commonInclude.h(22,36): warning C4081: 'newline'이(가) 있어야 하는데 ';'이(가) 있습니다.
C:\Users\kdm10\source\repos\Uranium10\UranEngine\UranEngine_SOURCE\commonInclude.h(23,34): warning C4081: 'newline'이(가) 있어야 하는데 ';'이(가) 있습니다.
C:\Users\kdm10\source\repos\Uranium10\UranEngine\UranEngine_SOURCE\commonInclude.h(27,36): warning C4081: 'newline'이(가) 있어야 하는데 ';'이(가) 있습니다.
  urCat.cpp
C:\Users\kdm10\source\repos\Uranium10\UranEngine\UranEngine_SOURCE\urMath.h(34,49): warning C4244: '=': 'const LONG'에서 'float'(으)로 변환하면서 데이터가 손실될 수 있습니다.
C:\Users\kdm10\source\repos\Uranium10\UranEngine\UranEngine_SOURCE\urMath.h(34,62): warning C4244: '=': 'const LONG'에서 'float'(으)로 변환하면서 데이터가 손실될 수 있습니다.
  C:\Program Files (x86)\Windows Kits\10\Include\10.0.22621.0\um\dinput.h: DIRECTINPUT_VERSION undefined. Defaulting to version 0x0800
C:\Users\kdm10\source\repos\Uranium10\UranEngine\UranEngine_SOURCE\commonInclude.h(22,36): warning C4081: 'newline'이(가) 있어야 하는데 ';'이(가) 있습니다.
C:\Users\kdm10\source\repos\Uranium10\UranEngine\UranEngine_SOURCE\commonInclude.h(23,34): warning C4081: 'newline'이(가) 있어야 하는데 ';'이(가) 있습니다.
C:\Users\kdm10\source\repos\Uranium10\UranEngine\UranEngine_SOURCE\commonInclude.h(27,36): warning C4081: 'newline'이(가) 있어야 하는데 ';'이(가) 있습니다.
  urInput.cpp
C:\Users\kdm10\source\repos\Uranium10\UranEngine\UranEngine_SOURCE\urMath.h(34,49): warning C4244: '=': 'const LONG'에서 'float'(으)로 변환하면서 데이터가 손실될 수 있습니다.
C:\Users\kdm10\source\repos\Uranium10\UranEngine\UranEngine_SOURCE\urMath.h(34,62): warning C4244: '=': 'const LONG'에서 'float'(으)로 변환하면서 데이터가 손실될 수 있습니다.
  C:\Program Files (x86)\Windows Kits\10\Include\10.0.22621.0\um\dinput.h: DIRECTINPUT_VERSION undefined. Defaulting to version 0x0800
C:\Users\kdm10\source\repos\Uranium10\UranEngine\UranEngine_SOURCE\commonInclude.h(22,36): warning C4081: 'newline'이(가) 있어야 하는데 ';'이(가) 있습니다.
C:\Users\kdm10\source\repos\Uranium10\UranEngine\UranEngine_SOURCE\commonInclude.h(23,34): warning C4081: 'newline'이(가) 있어야 하는데 ';'이(가) 있습니다.
C:\Users\kdm10\source\repos\Uranium10\UranEngine\UranEngine_SOURCE\commonInclude.h(27,36): warning C4081: 'newline'이(가) 있어야 하는데 ';'이(가) 있습니다.
  urLayer.cpp
C:\Users\kdm10\source\repos\Uranium10\UranEngine\UranEngine_SOURCE\urMath.h(34,49): warning C4244: '=': 'const LONG'에서 'float'(으)로 변환하면서 데이터가 손실될 수 있습니다.
C:\Users\kdm10\source\repos\Uranium10\UranEngine\UranEngine_SOURCE\urMath.h(34,62): warning C4244: '=': 'const LONG'에서 'float'(으)로 변환하면서 데이터가 손실될 수 있습니다.
  C:\Program Files (x86)\Windows Kits\10\Include\10.0.22621.0\um\dinput.h: DIRECTINPUT_VERSION undefined. Defaulting to version 0x0800
C:\Users\kdm10\source\repos\Uranium10\UranEngine\UranEngine_SOURCE\commonInclude.h(22,36): warning C4081: 'newline'이(가) 있어야 하는데 ';'이(가) 있습니다.
C:\Users\kdm10\source\repos\Uranium10\UranEngine\UranEngine_SOURCE\commonInclude.h(23,34): warning C4081: 'newline'이(가) 있어야 하는데 ';'이(가) 있습니다.
C:\Users\kdm10\source\repos\Uranium10\UranEngine\UranEngine_SOURCE\commonInclude.h(27,36): warning C4081: 'newline'이(가) 있어야 하는데 ';'이(가) 있습니다.
  urPlayer.cpp
C:\Users\kdm10\source\repos\Uranium10\UranEngine\UranEngine_SOURCE\urMath.h(34,49): warning C4244: '=': 'const LONG'에서 'float'(으)로 변환하면서 데이터가 손실될 수 있습니다.
C:\Users\kdm10\source\repos\Uranium10\UranEngine\UranEngine_SOURCE\urMath.h(34,62): warning C4244: '=': 'const LONG'에서 'float'(으)로 변환하면서 데이터가 손실될 수 있습니다.
  C:\Program Files (x86)\Windows Kits\10\Include\10.0.22621.0\um\dinput.h: DIRECTINPUT_VERSION undefined. Defaulting to version 0x0800
C:\Users\kdm10\source\repos\Uranium10\UranEngine\UranEngine_SOURCE\commonInclude.h(22,36): warning C4081: 'newline'이(가) 있어야 하는데 ';'이(가) 있습니다.
C:\Users\kdm10\source\repos\Uranium10\UranEngine\UranEngine_SOURCE\commonInclude.h(23,34): warning C4081: 'newline'이(가) 있어야 하는데 ';'이(가) 있습니다.
C:\Users\kdm10\source\repos\Uranium10\UranEngine\UranEngine_SOURCE\commonInclude.h(27,36): warning C4081: 'newline'이(가) 있어야 하는데 ';'이(가) 있습니다.
C:\Users\kdm10\source\repos\Uranium10\UranEngine\UranEngine_SOURCE\urSpriteRenderer.h(18,32): warning C4244: '=': 'UINT'에서 'float'(으)로 변환하면서 데이터가 손실될 수 있습니다.
C:\Users\kdm10\source\repos\Uranium10\UranEngine\UranEngine_SOURCE\urSpriteRenderer.h(19,33): warning C4244: '=': 'UINT'에서 'float'(으)로 변환하면서 데이터가 손실될 수 있습니다.
  urScene.cpp
C:\Users\kdm10\source\repos\Uranium10\UranEngine\UranEngine_SOURCE\urMath.h(34,49): warning C4244: '=': 'const LONG'에서 'float'(으)로 변환하면서 데이터가 손실될 수 있습니다.
C:\Users\kdm10\source\repos\Uranium10\UranEngine\UranEngine_SOURCE\urMath.h(34,62): warning C4244: '=': 'const LONG'에서 'float'(으)로 변환하면서 데이터가 손실될 수 있습니다.
  C:\Program Files (x86)\Windows Kits\10\Include\10.0.22621.0\um\dinput.h: DIRECTINPUT_VERSION undefined. Defaulting to version 0x0800
C:\Users\kdm10\source\repos\Uranium10\UranEngine\UranEngine_SOURCE\commonInclude.h(22,36): warning C4081: 'newline'이(가) 있어야 하는데 ';'이(가) 있습니다.
C:\Users\kdm10\source\repos\Uranium10\UranEngine\UranEngine_SOURCE\commonInclude.h(23,34): warning C4081: 'newline'이(가) 있어야 하는데 ';'이(가) 있습니다.
C:\Users\kdm10\source\repos\Uranium10\UranEngine\UranEngine_SOURCE\commonInclude.h(27,36): warning C4081: 'newline'이(가) 있어야 하는데 ';'이(가) 있습니다.
  urSceneManager.cpp
C:\Users\kdm10\source\repos\Uranium10\UranEngine\UranEngine_SOURCE\urMath.h(34,49): warning C4244: '=': 'const LONG'에서 'float'(으)로 변환하면서 데이터가 손실될 수 있습니다.
C:\Users\kdm10\source\repos\Uranium10\UranEngine\UranEngine_SOURCE\urMath.h(34,62): warning C4244: '=': 'const LONG'에서 'float'(으)로 변환하면서 데이터가 손실될 수 있습니다.
  C:\Program Files (x86)\Windows Kits\10\Include\10.0.22621.0\um\dinput.h: DIRECTINPUT_VERSION undefined. Defaulting to version 0x0800
C:\Users\kdm10\source\repos\Uranium10\UranEngine\UranEngine_SOURCE\commonInclude.h(22,36): warning C4081: 'newline'이(가) 있어야 하는데 ';'이(가) 있습니다.
C:\Users\kdm10\source\repos\Uranium10\UranEngine\UranEngine_SOURCE\commonInclude.h(23,34): warning C4081: 'newline'이(가) 있어야 하는데 ';'이(가) 있습니다.
C:\Users\kdm10\source\repos\Uranium10\UranEngine\UranEngine_SOURCE\commonInclude.h(27,36): warning C4081: 'newline'이(가) 있어야 하는데 ';'이(가) 있습니다.
  urSpriteRenderer.cpp
C:\Users\kdm10\source\repos\Uranium10\UranEngine\UranEngine_SOURCE\urMath.h(34,49): warning C4244: '=': 'const LONG'에서 'float'(으)로 변환하면서 데이터가 손실될 수 있습니다.
C:\Users\kdm10\source\repos\Uranium10\UranEngine\UranEngine_SOURCE\urMath.h(34,62): warning C4244: '=': 'const LONG'에서 'float'(으)로 변환하면서 데이터가 손실될 수 있습니다.
  C:\Program Files (x86)\Windows Kits\10\Include\10.0.22621.0\um\dinput.h: DIRECTINPUT_VERSION undefined. Defaulting to version 0x0800
C:\Users\kdm10\source\repos\Uranium10\UranEngine\UranEngine_SOURCE\commonInclude.h(22,36): warning C4081: 'newline'이(가) 있어야 하는데 ';'이(가) 있습니다.
C:\Users\kdm10\source\repos\Uranium10\UranEngine\UranEngine_SOURCE\commonInclude.h(23,34): warning C4081: 'newline'이(가) 있어야 하는데 ';'이(가) 있습니다.
C:\Users\kdm10\source\repos\Uranium10\UranEngine\UranEngine_SOURCE\commonInclude.h(27,36): warning C4081: 'newline'이(가) 있어야 하는데 ';'이(가) 있습니다.
C:\Users\kdm10\source\repos\Uranium10\UranEngine\UranEngine_SOURCE\urSpriteRenderer.h(18,32): warning C4244: '=': 'UINT'에서 'float'(으)로 변환하면서 데이터가 손실될 수 있습니다.
C:\Users\kdm10\source\repos\Uranium10\UranEngine\UranEngine_SOURCE\urSpriteRenderer.h(19,33): warning C4244: '=': 'UINT'에서 'float'(으)로 변환하면서 데이터가 손실될 수 있습니다.
C:\Users\kdm10\source\repos\Uranium10\UranEngine\UranEngine_SOURCE\urSpriteRenderer.cpp(49,66): warning C4244: '인수': 'float'에서 'int'(으)로 변환하면서 데이터가 손실될 수 있습니다.
C:\Users\kdm10\source\repos\Uranium10\UranEngine\UranEngine_SOURCE\urSpriteRenderer.cpp(49,57): warning C4244: '인수': 'float'에서 'int'(으)로 변환하면서 데이터가 손실될 수 있습니다.
C:\Users\kdm10\source\repos\Uranium10\UranEngine\UranEngine_SOURCE\urSpriteRenderer.cpp(49,48): warning C4244: '인수': 'float'에서 'int'(으)로 변환하면서 데이터가 손실될 수 있습니다.
C:\Users\kdm10\source\repos\Uranium10\UranEngine\UranEngine_SOURCE\urSpriteRenderer.cpp(49,36): warning C4244: '인수': 'float'에서 'int'(으)로 변환하면서 데이터가 손실될 수 있습니다.
C:\Users\kdm10\source\repos\Uranium10\UranEngine\UranEngine_SOURCE\urSpriteRenderer.cpp(48,55): warning C4244: '인수': 'float'에서 'int'(으)로 변환하면서 데이터가 손실될 수 있습니다.
C:\Users\kdm10\source\repos\Uranium10\UranEngine\UranEngine_SOURCE\urSpriteRenderer.cpp(48,26): warning C4244: '인수': 'float'에서 'int'(으)로 변환하면서 데이터가 손실될 수 있습니다.
C:\Users\kdm10\source\repos\Uranium10\UranEngine\UranEngine_SOURCE\urSpriteRenderer.cpp(47,41): warning C4244: '인수': 'float'에서 'int'(으)로 변환하면서 데이터가 손실될 수 있습니다.
C:\Users\kdm10\source\repos\Uranium10\UranEngine\UranEngine_SOURCE\urSpriteRenderer.cpp(47,27): warning C4244: '인수': 'float'에서 'int'(으)로 변환하면서 데이터가 손실될 수 있습니다.
C:\Users\kdm10\source\repos\Uranium10\UranEngine\UranEngine_SOURCE\urSpriteRenderer.cpp(55,66): warning C4244: '인수': 'float'에서 'int'(으)로 변환하면서 데이터가 손실될 수 있습니다.
C:\Users\kdm10\source\repos\Uranium10\UranEngine\UranEngine_SOURCE\urSpriteRenderer.cpp(55,57): warning C4244: '인수': 'float'에서 'int'(으)로 변환하면서 데이터가 손실될 수 있습니다.
C:\Users\kdm10\source\repos\Uranium10\UranEngine\UranEngine_SOURCE\urSpriteRenderer.cpp(55,48): warning C4244: '인수': 'float'에서 'int'(으)로 변환하면서 데이터가 손실될 수 있습니다.
C:\Users\kdm10\source\repos\Uranium10\UranEngine\UranEngine_SOURCE\urSpriteRenderer.cpp(55,36): warning C4244: '인수': 'float'에서 'int'(으)로 변환하면서 데이터가 손실될 수 있습니다.
C:\Users\kdm10\source\repos\Uranium10\UranEngine\UranEngine_SOURCE\urSpriteRenderer.cpp(54,55): warning C4244: '인수': 'float'에서 'int'(으)로 변환하면서 데이터가 손실될 수 있습니다.
C:\Users\kdm10\source\repos\Uranium10\UranEngine\UranEngine_SOURCE\urSpriteRenderer.cpp(54,26): warning C4244: '인수': 'float'에서 'int'(으)로 변환하면서 데이터가 손실될 수 있습니다.
C:\Users\kdm10\source\repos\Uranium10\UranEngine\UranEngine_SOURCE\urSpriteRenderer.cpp(53,45): warning C4244: '인수': 'float'에서 'int'(으)로 변환하면서 데이터가 손실될 수 있습니다.
C:\Users\kdm10\source\repos\Uranium10\UranEngine\UranEngine_SOURCE\urSpriteRenderer.cpp(53,31): warning C4244: '인수': 'float'에서 'int'(으)로 변환하면서 데이터가 손실될 수 있습니다.
C:\Users\kdm10\source\repos\Uranium10\UranEngine\UranEngine_SOURCE\urSpriteRenderer.cpp(72,21): warning C4244: '인수': 'float'에서 'INT'(으)로 변환하면서 데이터가 손실될 수 있습니다.
C:\Users\kdm10\source\repos\Uranium10\UranEngine\UranEngine_SOURCE\urSpriteRenderer.cpp(72,12): warning C4244: '인수': 'float'에서 'INT'(으)로 변환하면서 데이터가 손실될 수 있습니다.
C:\Users\kdm10\source\repos\Uranium10\UranEngine\UranEngine_SOURCE\urSpriteRenderer.cpp(71,27): warning C4244: '인수': 'float'에서 'INT'(으)로 변환하면서 데이터가 손실될 수 있습니다.
C:\Users\kdm10\source\repos\Uranium10\UranEngine\UranEngine_SOURCE\urSpriteRenderer.cpp(71,15): warning C4244: '인수': 'float'에서 'INT'(으)로 변환하면서 데이터가 손실될 수 있습니다.
C:\Users\kdm10\source\repos\Uranium10\UranEngine\UranEngine_SOURCE\urSpriteRenderer.cpp(69,26): warning C4244: '인수': 'float'에서 'INT'(으)로 변환하면서 데이터가 손실될 수 있습니다.
C:\Users\kdm10\source\repos\Uranium10\UranEngine\UranEngine_SOURCE\urSpriteRenderer.cpp(68,26): warning C4244: '인수': 'float'에서 'INT'(으)로 변환하면서 데이터가 손실될 수 있습니다.
C:\Users\kdm10\source\repos\Uranium10\UranEngine\UranEngine_SOURCE\urSpriteRenderer.cpp(67,14): warning C4244: '인수': 'float'에서 'INT'(으)로 변환하면서 데이터가 손실될 수 있습니다.
C:\Users\kdm10\source\repos\Uranium10\UranEngine\UranEngine_SOURCE\urSpriteRenderer.cpp(66,12): warning C4244: '인수': 'float'에서 'INT'(으)로 변환하면서 데이터가 손실될 수 있습니다.
  urTexture.cpp
C:\Users\kdm10\source\repos\Uranium10\UranEngine\UranEngine_SOURCE\urMath.h(34,49): warning C4244: '=': 'const LONG'에서 'float'(으)로 변환하면서 데이터가 손실될 수 있습니다.
C:\Users\kdm10\source\repos\Uranium10\UranEngine\UranEngine_SOURCE\urMath.h(34,62): warning C4244: '=': 'const LONG'에서 'float'(으)로 변환하면서 데이터가 손실될 수 있습니다.
  C:\Program Files (x86)\Windows Kits\10\Include\10.0.22621.0\um\dinput.h: DIRECTINPUT_VERSION undefined. Defaulting to version 0x0800
C:\Users\kdm10\source\repos\Uranium10\UranEngine\UranEngine_SOURCE\commonInclude.h(22,36): warning C4081: 'newline'이(가) 있어야 하는데 ';'이(가) 있습니다.
C:\Users\kdm10\source\repos\Uranium10\UranEngine\UranEngine_SOURCE\commonInclude.h(23,34): warning C4081: 'newline'이(가) 있어야 하는데 ';'이(가) 있습니다.
C:\Users\kdm10\source\repos\Uranium10\UranEngine\UranEngine_SOURCE\commonInclude.h(27,36): warning C4081: 'newline'이(가) 있어야 하는데 ';'이(가) 있습니다.
  urCatScript.cpp
C:\Users\kdm10\source\repos\Uranium10\UranEngine\UranEngine_SOURCE\urMath.h(34,49): warning C4244: '=': 'const LONG'에서 'float'(으)로 변환하면서 데이터가 손실될 수 있습니다.
C:\Users\kdm10\source\repos\Uranium10\UranEngine\UranEngine_SOURCE\urMath.h(34,62): warning C4244: '=': 'const LONG'에서 'float'(으)로 변환하면서 데이터가 손실될 수 있습니다.
  C:\Program Files (x86)\Windows Kits\10\Include\10.0.22621.0\um\dinput.h: DIRECTINPUT_VERSION undefined. Defaulting to version 0x0800
C:\Users\kdm10\source\repos\Uranium10\UranEngine\UranEngine_SOURCE\commonInclude.h(22,36): warning C4081: 'newline'이(가) 있어야 하는데 ';'이(가) 있습니다.
C:\Users\kdm10\source\repos\Uranium10\UranEngine\UranEngine_SOURCE\commonInclude.h(23,34): warning C4081: 'newline'이(가) 있어야 하는데 ';'이(가) 있습니다.
C:\Users\kdm10\source\repos\Uranium10\UranEngine\UranEngine_SOURCE\commonInclude.h(27,36): warning C4081: 'newline'이(가) 있어야 하는데 ';'이(가) 있습니다.
  urPlayScene.cpp
C:\Users\kdm10\source\repos\Uranium10\UranEngine\UranEngine_SOURCE\urMath.h(34,49): warning C4244: '=': 'const LONG'에서 'float'(으)로 변환하면서 데이터가 손실될 수 있습니다.
C:\Users\kdm10\source\repos\Uranium10\UranEngine\UranEngine_SOURCE\urMath.h(34,62): warning C4244: '=': 'const LONG'에서 'float'(으)로 변환하면서 데이터가 손실될 수 있습니다.
  C:\Program Files (x86)\Windows Kits\10\Include\10.0.22621.0\um\dinput.h: DIRECTINPUT_VERSION undefined. Defaulting to version 0x0800
C:\Users\kdm10\source\repos\Uranium10\UranEngine\UranEngine_SOURCE\commonInclude.h(22,36): warning C4081: 'newline'이(가) 있어야 하는데 ';'이(가) 있습니다.
C:\Users\kdm10\source\repos\Uranium10\UranEngine\UranEngine_SOURCE\commonInclude.h(23,34): warning C4081: 'newline'이(가) 있어야 하는데 ';'이(가) 있습니다.
C:\Users\kdm10\source\repos\Uranium10\UranEngine\UranEngine_SOURCE\commonInclude.h(27,36): warning C4081: 'newline'이(가) 있어야 하는데 ';'이(가) 있습니다.
C:\Users\kdm10\source\repos\Uranium10\UranEngine\UranEngine_SOURCE\urSpriteRenderer.h(18,32): warning C4244: '=': 'UINT'에서 'float'(으)로 변환하면서 데이터가 손실될 수 있습니다.
C:\Users\kdm10\source\repos\Uranium10\UranEngine\UranEngine_SOURCE\urSpriteRenderer.h(19,33): warning C4244: '=': 'UINT'에서 'float'(으)로 변환하면서 데이터가 손실될 수 있습니다.
  urPlayerScript.cpp
C:\Users\kdm10\source\repos\Uranium10\UranEngine\UranEngine_SOURCE\urMath.h(34,49): warning C4244: '=': 'const LONG'에서 'float'(으)로 변환하면서 데이터가 손실될 수 있습니다.
C:\Users\kdm10\source\repos\Uranium10\UranEngine\UranEngine_SOURCE\urMath.h(34,62): warning C4244: '=': 'const LONG'에서 'float'(으)로 변환하면서 데이터가 손실될 수 있습니다.
  C:\Program Files (x86)\Windows Kits\10\Include\10.0.22621.0\um\dinput.h: DIRECTINPUT_VERSION undefined. Defaulting to version 0x0800
C:\Users\kdm10\source\repos\Uranium10\UranEngine\UranEngine_SOURCE\commonInclude.h(22,36): warning C4081: 'newline'이(가) 있어야 하는데 ';'이(가) 있습니다.
C:\Users\kdm10\source\repos\Uranium10\UranEngine\UranEngine_SOURCE\commonInclude.h(23,34): warning C4081: 'newline'이(가) 있어야 하는데 ';'이(가) 있습니다.
C:\Users\kdm10\source\repos\Uranium10\UranEngine\UranEngine_SOURCE\commonInclude.h(27,36): warning C4081: 'newline'이(가) 있어야 하는데 ';'이(가) 있습니다.
  urTitleScene.cpp
C:\Users\kdm10\source\repos\Uranium10\UranEngine\UranEngine_SOURCE\urMath.h(34,49): warning C4244: '=': 'const LONG'에서 'float'(으)로 변환하면서 데이터가 손실될 수 있습니다.
C:\Users\kdm10\source\repos\Uranium10\UranEngine\UranEngine_SOURCE\urMath.h(34,62): warning C4244: '=': 'const LONG'에서 'float'(으)로 변환하면서 데이터가 손실될 수 있습니다.
  C:\Program Files (x86)\Windows Kits\10\Include\10.0.22621.0\um\dinput.h: DIRECTINPUT_VERSION undefined. Defaulting to version 0x0800
C:\Users\kdm10\source\repos\Uranium10\UranEngine\UranEngine_SOURCE\commonInclude.h(22,36): warning C4081: 'newline'이(가) 있어야 하는데 ';'이(가) 있습니다.
C:\Users\kdm10\source\repos\Uranium10\UranEngine\UranEngine_SOURCE\commonInclude.h(23,34): warning C4081: 'newline'이(가) 있어야 하는데 ';'이(가) 있습니다.
C:\Users\kdm10\source\repos\Uranium10\UranEngine\UranEngine_SOURCE\commonInclude.h(27,36): warning C4081: 'newline'이(가) 있어야 하는데 ';'이(가) 있습니다.
  코드를 생성하고 있습니다...
  UranEngine_Window.vcxproj -> C:\Users\kdm10\source\repos\Uranium10\UranEngine\x64\Debug\UranEngine_Window.lib
